[debug] [2021-08-24T07:37:48.638Z] ----------------------------------------------------------------------
[debug] [2021-08-24T07:37:48.640Z] Command:       C:\Program Files\nodejs\node.exe C:\Users\Sanjay\AppData\Roaming\npm\node_modules\firebase-tools\lib\bin\firebase.js init
[debug] [2021-08-24T07:37:48.641Z] CLI Version:   9.16.5
[debug] [2021-08-24T07:37:48.641Z] Platform:      win32
[debug] [2021-08-24T07:37:48.641Z] Node Version:  v14.17.5
[debug] [2021-08-24T07:37:48.642Z] Time:          Tue Aug 24 2021 13:07:48 GMT+0530 (India Standard Time)
[debug] [2021-08-24T07:37:48.642Z] ----------------------------------------------------------------------
[debug] 
[debug] [2021-08-24T07:37:48.649Z] > command requires scopes: ["email","openid","https://www.googleapis.com/auth/cloudplatformprojects.readonly","https://www.googleapis.com/auth/firebase","https://www.googleapis.com/auth/cloud-platform"]
[debug] [2021-08-24T07:37:48.650Z] > authorizing via signed-in user (gjstrans@gmail.com)
[info] 
     ######## #### ########  ######## ########     ###     ######  ########
     ##        ##  ##     ## ##       ##     ##  ##   ##  ##       ##
     ######    ##  ########  ######   ########  #########  ######  ######
     ##        ##  ##    ##  ##       ##     ## ##     ##       ## ##
     ##       #### ##     ## ######## ########  ##     ##  ######  ########

You're about to initialize a Firebase project in this directory:

  D:\webrtc-firebase-demo

[info] 
=== Project Setup
[info] 
[info] First, let's associate this project directory with a Firebase project.
[info] You can create multiple project aliases by running firebase use --add, 
[info] but for now we'll just set up a default project.
[info] 
[debug] [2021-08-24T07:38:00.763Z] >>> [apiv2][query] GET https://firebase.googleapis.com/v1beta1/projects pageSize=100
[debug] [2021-08-24T07:38:01.387Z] <<< [apiv2][status] GET https://firebase.googleapis.com/v1beta1/projects 200
[debug] [2021-08-24T07:38:01.387Z] <<< [apiv2][body] GET https://firebase.googleapis.com/v1beta1/projects [omitted]
[info] i  Using project sanjay-faf86 (Sanjay) 
[info] 
=== Database Setup
[info] i  database: ensuring required API firebasedatabase.googleapis.com is enabled... 
[debug] [2021-08-24T07:38:06.977Z] > refreshing access token with scopes: ["email","https://www.googleapis.com/auth/cloud-platform","https://www.googleapis.com/auth/cloudplatformprojects.readonly","https://www.googleapis.com/auth/firebase","openid"]
[debug] [2021-08-24T07:38:06.977Z] >>> HTTP REQUEST POST https://www.googleapis.com/oauth2/v3/token  
 <request body omitted>
[debug] [2021-08-24T07:38:07.301Z] <<< HTTP RESPONSE 200 {"cache-control":"no-cache, no-store, max-age=0, must-revalidate","date":"Tue, 24 Aug 2021 07:38:06 GMT","pragma":"no-cache","expires":"Mon, 01 Jan 1990 00:00:00 GMT","content-type":"application/json; charset=utf-8","vary":"X-Origin, Referer, Origin,Accept-Encoding","server":"scaffolding on HTTPServer2","x-xss-protection":"0","x-frame-options":"SAMEORIGIN","x-content-type-options":"nosniff","alt-svc":"h3=\":443\"; ma=2592000,h3-29=\":443\"; ma=2592000,h3-T051=\":443\"; ma=2592000,h3-Q050=\":443\"; ma=2592000,h3-Q046=\":443\"; ma=2592000,h3-Q043=\":443\"; ma=2592000,quic=\":443\"; ma=2592000; v=\"46,43\"","accept-ranges":"none","transfer-encoding":"chunked"}
[debug] [2021-08-24T07:38:07.419Z] >>> HTTP REQUEST GET https://serviceusage.googleapis.com/v1/projects/sanjay-faf86/services/firebasedatabase.googleapis.com  
 
[debug] [2021-08-24T07:38:09.202Z] <<< HTTP RESPONSE 200 {"content-type":"application/json; charset=UTF-8","vary":"X-Origin, Referer, Origin,Accept-Encoding","date":"Tue, 24 Aug 2021 07:38:08 GMT","server":"ESF","cache-control":"private","x-xss-protection":"0","x-frame-options":"SAMEORIGIN","x-content-type-options":"nosniff","alt-svc":"h3=\":443\"; ma=2592000,h3-29=\":443\"; ma=2592000,h3-T051=\":443\"; ma=2592000,h3-Q050=\":443\"; ma=2592000,h3-Q046=\":443\"; ma=2592000,h3-Q043=\":443\"; ma=2592000,quic=\":443\"; ma=2592000; v=\"46,43\"","accept-ranges":"none","transfer-encoding":"chunked"}
[warn] !  database: missing required API firebasedatabase.googleapis.com. Enabling now... 
[debug] [2021-08-24T07:38:09.203Z] >>> HTTP REQUEST POST https://serviceusage.googleapis.com/v1/projects/sanjay-faf86/services/firebasedatabase.googleapis.com:enable  
 
[debug] [2021-08-24T07:38:11.268Z] <<< HTTP RESPONSE 200 {"content-type":"application/json; charset=UTF-8","vary":"X-Origin, Referer, Origin,Accept-Encoding","date":"Tue, 24 Aug 2021 07:38:10 GMT","server":"ESF","cache-control":"private","x-xss-protection":"0","x-frame-options":"SAMEORIGIN","x-content-type-options":"nosniff","alt-svc":"h3=\":443\"; ma=2592000,h3-29=\":443\"; ma=2592000,h3-T051=\":443\"; ma=2592000,h3-Q050=\":443\"; ma=2592000,h3-Q046=\":443\"; ma=2592000,h3-Q043=\":443\"; ma=2592000,quic=\":443\"; ma=2592000; v=\"46,43\"","accept-ranges":"none","transfer-encoding":"chunked"}
[debug] [2021-08-24T07:38:21.270Z] >>> HTTP REQUEST GET https://serviceusage.googleapis.com/v1/projects/sanjay-faf86/services/firebasedatabase.googleapis.com  
 
[debug] [2021-08-24T07:38:22.924Z] <<< HTTP RESPONSE 200 {"content-type":"application/json; charset=UTF-8","vary":"X-Origin, Referer, Origin,Accept-Encoding","date":"Tue, 24 Aug 2021 07:38:22 GMT","server":"ESF","cache-control":"private","x-xss-protection":"0","x-frame-options":"SAMEORIGIN","x-content-type-options":"nosniff","alt-svc":"h3=\":443\"; ma=2592000,h3-29=\":443\"; ma=2592000,h3-T051=\":443\"; ma=2592000,h3-Q050=\":443\"; ma=2592000,h3-Q046=\":443\"; ma=2592000,h3-Q043=\":443\"; ma=2592000,quic=\":443\"; ma=2592000; v=\"46,43\"","accept-ranges":"none","transfer-encoding":"chunked"}
[info] +  database: required API firebasedatabase.googleapis.com is enabled 
[info] 
[debug] [2021-08-24T07:38:22.928Z] > refreshing access token with scopes: []
[debug] [2021-08-24T07:38:22.929Z] >>> HTTP REQUEST POST https://www.googleapis.com/oauth2/v3/token  
 <request body omitted>
[debug] [2021-08-24T07:38:23.175Z] <<< HTTP RESPONSE 200 {"pragma":"no-cache","expires":"Mon, 01 Jan 1990 00:00:00 GMT","date":"Tue, 24 Aug 2021 07:38:22 GMT","cache-control":"no-cache, no-store, max-age=0, must-revalidate","content-type":"application/json; charset=utf-8","vary":"X-Origin, Referer, Origin,Accept-Encoding","server":"scaffolding on HTTPServer2","x-xss-protection":"0","x-frame-options":"SAMEORIGIN","x-content-type-options":"nosniff","alt-svc":"h3=\":443\"; ma=2592000,h3-29=\":443\"; ma=2592000,h3-T051=\":443\"; ma=2592000,h3-Q050=\":443\"; ma=2592000,h3-Q046=\":443\"; ma=2592000,h3-Q043=\":443\"; ma=2592000,quic=\":443\"; ma=2592000; v=\"46,43\"","accept-ranges":"none","transfer-encoding":"chunked"}
[debug] [2021-08-24T07:38:23.308Z] >>> [apiv2][query] GET https://firebase.googleapis.com/v1beta1/projects/sanjay-faf86 [none]
[debug] [2021-08-24T07:38:23.950Z] <<< [apiv2][status] GET https://firebase.googleapis.com/v1beta1/projects/sanjay-faf86 200
[debug] [2021-08-24T07:38:23.950Z] <<< [apiv2][body] GET https://firebase.googleapis.com/v1beta1/projects/sanjay-faf86 {"projectId":"sanjay-faf86","projectNumber":"698607191573","displayName":"Sanjay","name":"projects/sanjay-faf86","resources":{"hostingSite":"sanjay-faf86","storageBucket":"sanjay-faf86.appspot.com","locationId":"us-central"},"state":"ACTIVE"}
[debug] [2021-08-24T07:38:51.432Z] > refreshing access token with scopes: ["email","https://www.googleapis.com/auth/cloud-platform","https://www.googleapis.com/auth/cloudplatformprojects.readonly","https://www.googleapis.com/auth/firebase","openid"]
[debug] [2021-08-24T07:38:51.432Z] >>> HTTP REQUEST POST https://www.googleapis.com/oauth2/v3/token  
 <request body omitted>
[debug] [2021-08-24T07:38:51.690Z] <<< HTTP RESPONSE 200 {"date":"Tue, 24 Aug 2021 07:38:50 GMT","cache-control":"no-cache, no-store, max-age=0, must-revalidate","pragma":"no-cache","expires":"Mon, 01 Jan 1990 00:00:00 GMT","content-type":"application/json; charset=utf-8","vary":"X-Origin, Referer, Origin,Accept-Encoding","server":"scaffolding on HTTPServer2","x-xss-protection":"0","x-frame-options":"SAMEORIGIN","x-content-type-options":"nosniff","alt-svc":"h3=\":443\"; ma=2592000,h3-29=\":443\"; ma=2592000,h3-T051=\":443\"; ma=2592000,h3-Q050=\":443\"; ma=2592000,h3-Q046=\":443\"; ma=2592000,h3-Q043=\":443\"; ma=2592000,quic=\":443\"; ma=2592000; v=\"46,43\"","accept-ranges":"none","transfer-encoding":"chunked"}
[debug] [2021-08-24T07:38:51.853Z] >>> HTTP REQUEST POST https://firebasedatabase.googleapis.com/v1beta/projects/sanjay-faf86/locations/us-central1/instances?databaseId=sanjay-faf86-default-rtdb&validateOnly=true  
 {"type":"default_database"}
[debug] [2021-08-24T07:38:53.708Z] <<< HTTP RESPONSE 200 {"content-type":"application/json; charset=UTF-8","vary":"X-Origin, Referer, Origin,Accept-Encoding","date":"Tue, 24 Aug 2021 07:38:52 GMT","server":"ESF","cache-control":"private","x-xss-protection":"0","x-frame-options":"SAMEORIGIN","x-content-type-options":"nosniff","alt-svc":"h3=\":443\"; ma=2592000,h3-29=\":443\"; ma=2592000,h3-T051=\":443\"; ma=2592000,h3-Q050=\":443\"; ma=2592000,h3-Q046=\":443\"; ma=2592000,h3-Q043=\":443\"; ma=2592000,quic=\":443\"; ma=2592000; v=\"46,43\"","accept-ranges":"none","transfer-encoding":"chunked"}
[debug] [2021-08-24T07:38:53.711Z] >>> HTTP REQUEST POST https://firebasedatabase.googleapis.com/v1beta/projects/sanjay-faf86/locations/us-central1/instances?databaseId=sanjay-faf86-default-rtdb  
 {"type":"default_database"}
[debug] [2021-08-24T07:38:56.372Z] <<< HTTP RESPONSE 200 {"content-type":"application/json; charset=UTF-8","vary":"X-Origin, Referer, Origin,Accept-Encoding","date":"Tue, 24 Aug 2021 07:38:55 GMT","server":"ESF","cache-control":"private","x-xss-protection":"0","x-frame-options":"SAMEORIGIN","x-content-type-options":"nosniff","alt-svc":"h3=\":443\"; ma=2592000,h3-29=\":443\"; ma=2592000,h3-T051=\":443\"; ma=2592000,h3-Q050=\":443\"; ma=2592000,h3-Q046=\":443\"; ma=2592000,h3-Q043=\":443\"; ma=2592000,quic=\":443\"; ma=2592000; v=\"46,43\"","accept-ranges":"none","transfer-encoding":"chunked"}
[info] 
[info] Firebase Realtime Database Security Rules allow you to define how your data should be
[info] structured and when your data can be read from and written to.
[info] 
[debug] [2021-08-24T07:39:00.512Z] >>> HTTP REQUEST GET https://sanjay-faf86-default-rtdb.firebaseio.com/.settings/rules.json  
 
[debug] [2021-08-24T07:39:02.348Z] <<< HTTP RESPONSE 200 {"server":"nginx","date":"Tue, 24 Aug 2021 07:39:01 GMT","content-type":"application/json; charset=utf-8","content-length":"161","connection":"keep-alive","access-control-allow-origin":"*","cache-control":"no-cache","strict-transport-security":"max-age=31556926; includeSubDomains; preload"}
[info] +  Database Rules for sanjay-faf86-default-rtdb have been written to database.rules.json. 
[info] Future modifications to database.rules.json will update Realtime Database Security Rules when you run
[info] firebase deploy.
[info] 
=== Firestore Setup
[debug] [2021-08-24T07:39:02.354Z] >>> HTTP REQUEST GET https://serviceusage.googleapis.com/v1/projects/sanjay-faf86/services/firestore.googleapis.com  
 
[debug] [2021-08-24T07:39:04.178Z] <<< HTTP RESPONSE 200 {"content-type":"application/json; charset=UTF-8","vary":"X-Origin, Referer, Origin,Accept-Encoding","date":"Tue, 24 Aug 2021 07:39:03 GMT","server":"ESF","cache-control":"private","x-xss-protection":"0","x-frame-options":"SAMEORIGIN","x-content-type-options":"nosniff","alt-svc":"h3=\":443\"; ma=2592000,h3-29=\":443\"; ma=2592000,h3-T051=\":443\"; ma=2592000,h3-Q050=\":443\"; ma=2592000,h3-Q046=\":443\"; ma=2592000,h3-Q043=\":443\"; ma=2592000,quic=\":443\"; ma=2592000; v=\"46,43\"","accept-ranges":"none","transfer-encoding":"chunked"}
[debug] [2021-08-24T07:39:04.178Z] >>> HTTP REQUEST GET https://appengine.googleapis.com/v1/apps/sanjay-faf86  
 
[debug] [2021-08-24T07:39:05.176Z] <<< HTTP RESPONSE 200 {"content-type":"application/json; charset=UTF-8","vary":"X-Origin, Referer, Origin,Accept-Encoding","date":"Tue, 24 Aug 2021 07:39:04 GMT","server":"ESF","cache-control":"private","x-xss-protection":"0","x-frame-options":"SAMEORIGIN","x-content-type-options":"nosniff","alt-svc":"h3=\":443\"; ma=2592000,h3-29=\":443\"; ma=2592000,h3-T051=\":443\"; ma=2592000,h3-Q050=\":443\"; ma=2592000,h3-Q046=\":443\"; ma=2592000,h3-Q043=\":443\"; ma=2592000,quic=\":443\"; ma=2592000; v=\"46,43\"","accept-ranges":"none","transfer-encoding":"chunked"}
[debug] [2021-08-24T07:39:05.177Z] database_type: CLOUD_FIRESTORE
[debug] [2021-08-24T07:39:05.178Z] > command requires scopes: ["email","openid","https://www.googleapis.com/auth/cloudplatformprojects.readonly","https://www.googleapis.com/auth/firebase","https://www.googleapis.com/auth/cloud-platform"]
[debug] [2021-08-24T07:39:05.178Z] > authorizing via signed-in user (gjstrans@gmail.com)
[debug] [2021-08-24T07:39:05.178Z] [iam] checking project sanjay-faf86 for permissions ["firebase.projects.get"]
[debug] [2021-08-24T07:39:05.178Z] >>> HTTP REQUEST POST https://cloudresourcemanager.googleapis.com/v1/projects/sanjay-faf86:testIamPermissions  
 {"permissions":["firebase.projects.get"]}
[debug] [2021-08-24T07:39:06.615Z] <<< HTTP RESPONSE 200 {"content-type":"application/json; charset=UTF-8","vary":"X-Origin, Referer, Origin,Accept-Encoding","date":"Tue, 24 Aug 2021 07:39:05 GMT","server":"ESF","cache-control":"private","x-xss-protection":"0","x-frame-options":"SAMEORIGIN","x-content-type-options":"nosniff","server-timing":"gfet4t7; dur=1131","alt-svc":"h3=\":443\"; ma=2592000,h3-29=\":443\"; ma=2592000,h3-T051=\":443\"; ma=2592000,h3-Q050=\":443\"; ma=2592000,h3-Q046=\":443\"; ma=2592000,h3-Q043=\":443\"; ma=2592000,quic=\":443\"; ma=2592000; v=\"46,43\"","accept-ranges":"none","transfer-encoding":"chunked"}
[info] 
[info] Firestore Security Rules allow you to define how and when to allow
[info] requests. You can keep these rules in your project directory
[info] and publish them with firebase deploy.
[info] 
[debug] [2021-08-24T07:39:06.671Z] >>> HTTP REQUEST GET https://firebaserules.googleapis.com/v1/projects/sanjay-faf86/releases?pageSize=10&pageToken=  
 
[debug] [2021-08-24T07:39:08.456Z] <<< HTTP RESPONSE 200 {"content-type":"application/json; charset=UTF-8","vary":"X-Origin, Referer, Origin,Accept-Encoding","date":"Tue, 24 Aug 2021 07:39:07 GMT","server":"ESF","cache-control":"private","x-xss-protection":"0","x-frame-options":"SAMEORIGIN","x-content-type-options":"nosniff","alt-svc":"h3=\":443\"; ma=2592000,h3-29=\":443\"; ma=2592000,h3-T051=\":443\"; ma=2592000,h3-Q050=\":443\"; ma=2592000,h3-Q046=\":443\"; ma=2592000,h3-Q043=\":443\"; ma=2592000,quic=\":443\"; ma=2592000; v=\"46,43\"","accept-ranges":"none","transfer-encoding":"chunked"}
[debug] [2021-08-24T07:39:08.457Z] Found ruleset: projects/sanjay-faf86/rulesets/504909a8-a2f0-4960-b909-bd722f8f75b1
[debug] [2021-08-24T07:39:08.457Z] >>> HTTP REQUEST GET https://firebaserules.googleapis.com/v1/projects/sanjay-faf86/rulesets/504909a8-a2f0-4960-b909-bd722f8f75b1  
 
[debug] [2021-08-24T07:39:10.054Z] <<< HTTP RESPONSE 200 {"content-type":"application/json; charset=UTF-8","vary":"X-Origin, Referer, Origin,Accept-Encoding","date":"Tue, 24 Aug 2021 07:39:09 GMT","server":"ESF","cache-control":"private","x-xss-protection":"0","x-frame-options":"SAMEORIGIN","x-content-type-options":"nosniff","alt-svc":"h3=\":443\"; ma=2592000,h3-29=\":443\"; ma=2592000,h3-T051=\":443\"; ma=2592000,h3-Q050=\":443\"; ma=2592000,h3-Q046=\":443\"; ma=2592000,h3-Q043=\":443\"; ma=2592000,quic=\":443\"; ma=2592000; v=\"46,43\"","accept-ranges":"none","transfer-encoding":"chunked"}
[info] 
[info] Firestore indexes allow you to perform complex queries while
[info] maintaining performance that scales with the size of the result
[info] set. You can keep index definitions in your project directory
[info] and publish them with firebase deploy.
[info] 
[debug] [2021-08-24T07:39:11.680Z] >>> HTTP REQUEST GET https://firestore.googleapis.com/v1/projects/sanjay-faf86/databases/(default)/collectionGroups/-/indexes  
 
[debug] [2021-08-24T07:39:11.680Z] >>> HTTP REQUEST GET https://firestore.googleapis.com/v1/projects/sanjay-faf86/databases/(default)/collectionGroups/-/fields?filter=indexConfig.usesAncestorConfig=false  
 
[debug] [2021-08-24T07:39:12.908Z] <<< HTTP RESPONSE 200 {"content-type":"application/json; charset=UTF-8","vary":"X-Origin, Referer, Origin,Accept-Encoding","date":"Tue, 24 Aug 2021 07:39:12 GMT","server":"ESF","cache-control":"private","x-xss-protection":"0","x-frame-options":"SAMEORIGIN","x-content-type-options":"nosniff","alt-svc":"h3=\":443\"; ma=2592000,h3-29=\":443\"; ma=2592000,h3-T051=\":443\"; ma=2592000,h3-Q050=\":443\"; ma=2592000,h3-Q046=\":443\"; ma=2592000,h3-Q043=\":443\"; ma=2592000,quic=\":443\"; ma=2592000; v=\"46,43\"","accept-ranges":"none","transfer-encoding":"chunked"}
[debug] [2021-08-24T07:39:13.562Z] <<< HTTP RESPONSE 200 {"content-type":"application/json; charset=UTF-8","vary":"X-Origin, Referer, Origin,Accept-Encoding","date":"Tue, 24 Aug 2021 07:39:12 GMT","server":"ESF","cache-control":"private","x-xss-protection":"0","x-frame-options":"SAMEORIGIN","x-content-type-options":"nosniff","alt-svc":"h3=\":443\"; ma=2592000,h3-29=\":443\"; ma=2592000,h3-T051=\":443\"; ma=2592000,h3-Q050=\":443\"; ma=2592000,h3-Q046=\":443\"; ma=2592000,h3-Q043=\":443\"; ma=2592000,quic=\":443\"; ma=2592000; v=\"46,43\"","accept-ranges":"none","transfer-encoding":"chunked"}
[info] 
=== Functions Setup
[info] 
[info] A functions directory will be created in your project with sample code
[info] pre-configured. Functions can be deployed with firebase deploy.
[info] 
[debug] [2021-08-24T07:39:13.567Z] > command requires scopes: ["email","openid","https://www.googleapis.com/auth/cloudplatformprojects.readonly","https://www.googleapis.com/auth/firebase","https://www.googleapis.com/auth/cloud-platform"]
[debug] [2021-08-24T07:39:13.567Z] > authorizing via signed-in user (gjstrans@gmail.com)
[debug] [2021-08-24T07:39:13.567Z] [iam] checking project sanjay-faf86 for permissions ["firebase.projects.get"]
[debug] [2021-08-24T07:39:13.567Z] >>> HTTP REQUEST POST https://cloudresourcemanager.googleapis.com/v1/projects/sanjay-faf86:testIamPermissions  
 {"permissions":["firebase.projects.get"]}
[debug] [2021-08-24T07:39:14.973Z] <<< HTTP RESPONSE 200 {"content-type":"application/json; charset=UTF-8","vary":"X-Origin, Referer, Origin,Accept-Encoding","date":"Tue, 24 Aug 2021 07:39:14 GMT","server":"ESF","cache-control":"private","x-xss-protection":"0","x-frame-options":"SAMEORIGIN","x-content-type-options":"nosniff","server-timing":"gfet4t7; dur=1156","alt-svc":"h3=\":443\"; ma=2592000,h3-29=\":443\"; ma=2592000,h3-T051=\":443\"; ma=2592000,h3-Q050=\":443\"; ma=2592000,h3-Q046=\":443\"; ma=2592000,h3-Q043=\":443\"; ma=2592000,quic=\":443\"; ma=2592000; v=\"46,43\"","accept-ranges":"none","transfer-encoding":"chunked"}
[debug] [2021-08-24T07:39:14.974Z] >>> HTTP REQUEST POST https://serviceusage.googleapis.com/v1/projects/sanjay-faf86/services/cloudfunctions.googleapis.com:enable  
 
[debug] [2021-08-24T07:39:14.974Z] >>> HTTP REQUEST POST https://serviceusage.googleapis.com/v1/projects/sanjay-faf86/services/runtimeconfig.googleapis.com:enable  
 
[debug] [2021-08-24T07:39:16.598Z] <<< HTTP RESPONSE 200 {"content-type":"application/json; charset=UTF-8","vary":"X-Origin, Referer, Origin,Accept-Encoding","date":"Tue, 24 Aug 2021 07:39:15 GMT","server":"ESF","cache-control":"private","x-xss-protection":"0","x-frame-options":"SAMEORIGIN","x-content-type-options":"nosniff","alt-svc":"h3=\":443\"; ma=2592000,h3-29=\":443\"; ma=2592000,h3-T051=\":443\"; ma=2592000,h3-Q050=\":443\"; ma=2592000,h3-Q046=\":443\"; ma=2592000,h3-Q043=\":443\"; ma=2592000,quic=\":443\"; ma=2592000; v=\"46,43\"","accept-ranges":"none","transfer-encoding":"chunked"}
[debug] [2021-08-24T07:39:16.814Z] <<< HTTP RESPONSE 200 {"content-type":"application/json; charset=UTF-8","vary":"X-Origin, Referer, Origin,Accept-Encoding","date":"Tue, 24 Aug 2021 07:39:15 GMT","server":"ESF","cache-control":"private","x-xss-protection":"0","x-frame-options":"SAMEORIGIN","x-content-type-options":"nosniff","alt-svc":"h3=\":443\"; ma=2592000,h3-29=\":443\"; ma=2592000,h3-T051=\":443\"; ma=2592000,h3-Q050=\":443\"; ma=2592000,h3-Q046=\":443\"; ma=2592000,h3-Q043=\":443\"; ma=2592000,quic=\":443\"; ma=2592000; v=\"46,43\"","accept-ranges":"none","transfer-encoding":"chunked"}
[info] +  Wrote functions/package.json 
[info] +  Wrote functions/.eslintrc.js 
[info] +  Wrote functions/index.js 
[info] +  Wrote functions/.gitignore 
[info] 
=== Hosting Setup
[info] 
[info] Your public directory is the folder (relative to your project directory) that
[info] will contain Hosting assets to be uploaded with firebase deploy. If you
[info] have a build process for your assets, use your build's output directory.
[info] 
[debug] [2021-08-24T07:40:44.562Z] >>> [apiv2][query] GET https://www.gstatic.com/firebasejs/releases.json [none]
[debug] [2021-08-24T07:40:44.920Z] <<< [apiv2][status] GET https://www.gstatic.com/firebasejs/releases.json 200
[debug] [2021-08-24T07:40:44.920Z] <<< [apiv2][body] GET https://www.gstatic.com/firebasejs/releases.json {"current":{"version":"8.10.0","browserURL":"https://www.gstatic.com/firebasejs/8.10.0/firebase.js","packageURL":"https://www.gstatic.com/firebasejs/8.10.0/firebase.tgz"},"live":{"version":"8.10","browserURL":"https://www.gstatic.com/firebasejs/live/8.10/firebase.js","packageURL":"https://www.gstatic.com/firebasejs/live/8.10/firebase.tgz"},"components":{"analytics":"https://www.gstatic.com/firebasejs/8.10.0/firebase-analytics.js","app":"https://www.gstatic.com/firebasejs/8.10.0/firebase-app.js","app-check":"https://www.gstatic.com/firebasejs/8.10.0/firebase-app-check.js","auth":"https://www.gstatic.com/firebasejs/8.10.0/firebase-auth.js","database":"https://www.gstatic.com/firebasejs/8.10.0/firebase-database.js","firestore":"https://www.gstatic.com/firebasejs/8.10.0/firebase-firestore.js","functions":"https://www.gstatic.com/firebasejs/8.10.0/firebase-functions.js","installations":"https://www.gstatic.com/firebasejs/8.10.0/firebase-installations.js","messaging":"https://www.gstatic.com/firebasejs/8.10.0/firebase-messaging.js","storage":"https://www.gstatic.com/firebasejs/8.10.0/firebase-storage.js","performance":"https://www.gstatic.com/firebasejs/8.10.0/firebase-performance.js","remote-config":"https://www.gstatic.com/firebasejs/8.10.0/firebase-remote-config.js","firestore.memory":"https://www.gstatic.com/firebasejs/8.10.0/firebase-firestore.memory.js"}}
[info] +  Wrote public/index.html 
[info] 
[info] i  Detected a .git folder at D:\webrtc-firebase-demo 
[info] i  Authorizing with GitHub to upload your service account to a GitHub repository's secrets store. 
[info] 
[info] Visit this URL on this device to log in:
[info] https://github.com/login/oauth/authorize?client_id=89cf50f02ac6aaed3484&state=512772764&redirect_uri=http%3A%2F%2Flocalhost%3A9005&scope=read%3Auser%20repo%20public_repo
[info] 
[info] Waiting for authentication...
[debug] [2021-08-24T07:40:57.797Z] >>> HTTP REQUEST POST https://github.com/login/oauth/access_token  
 {"client_id":"89cf50f02ac6aaed3484","client_secret":"3330d14abc895d9a74d5f17cd7a00711fa2c5bf0","code":"519b1840e9b1332c9cd3","redirect_uri":"http://localhost:9005","state":"512772764"}
[debug] [2021-08-24T07:40:58.502Z] <<< HTTP RESPONSE 200 {"server":"GitHub.com","date":"Tue, 24 Aug 2021 07:40:57 GMT","content-type":"application/json; charset=utf-8","transfer-encoding":"chunked","vary":"X-PJAX, X-PJAX-Container, Accept-Encoding, Accept, X-Requested-With","permissions-policy":"interest-cohort=()","etag":"W/\"f213f08b4b8ead5aae29179e1fb85a82\"","cache-control":"max-age=0, private, must-revalidate","strict-transport-security":"max-age=31536000; includeSubdomains; preload","x-frame-options":"deny","x-content-type-options":"nosniff","x-xss-protection":"0","referrer-policy":"origin-when-cross-origin, strict-origin-when-cross-origin","expect-ct":"max-age=2592000, report-uri=\"https://api.github.com/_private/browser/errors\"","content-security-policy":"default-src 'none'; base-uri 'self'; block-all-mixed-content; connect-src 'self' uploads.github.com www.githubstatus.com collector.githubapp.com api.github.com github-cloud.s3.amazonaws.com github-production-repository-file-5c1aeb.s3.amazonaws.com github-production-upload-manifest-file-7fdce7.s3.amazonaws.com github-production-user-asset-6210df.s3.amazonaws.com cdn.optimizely.com logx.optimizely.com/v1/events translator.github.com wss://alive.github.com; font-src github.githubassets.com; form-action 'self' github.com gist.github.com; frame-ancestors 'none'; frame-src render.githubusercontent.com viewscreen.githubusercontent.com; img-src 'self' data: github.githubassets.com identicons.github.com collector.githubapp.com github-cloud.s3.amazonaws.com secured-user-images.githubusercontent.com/ *.githubusercontent.com; manifest-src 'self'; media-src 'none'; script-src github.githubassets.com; style-src 'unsafe-inline' github.githubassets.com; worker-src github.com/socket-worker-3f088aa2.js gist.github.com/socket-worker-3f088aa2.js","x-github-request-id":"EBF7:41B5:39248C:6152FA:6124A289"}
[debug] [2021-08-24T07:40:58.506Z] >>> [apiv2][query] GET https://api.github.com/user [none]
[debug] [2021-08-24T07:40:59.053Z] <<< [apiv2][status] GET https://api.github.com/user 200
[debug] [2021-08-24T07:40:59.053Z] <<< [apiv2][body] GET https://api.github.com/user {"login":"GJ-sanjay","id":88532445,"node_id":"MDQ6VXNlcjg4NTMyNDQ1","avatar_url":"https://avatars.githubusercontent.com/u/88532445?v=4","gravatar_id":"","url":"https://api.github.com/users/GJ-sanjay","html_url":"https://github.com/GJ-sanjay","followers_url":"https://api.github.com/users/GJ-sanjay/followers","following_url":"https://api.github.com/users/GJ-sanjay/following{/other_user}","gists_url":"https://api.github.com/users/GJ-sanjay/gists{/gist_id}","starred_url":"https://api.github.com/users/GJ-sanjay/starred{/owner}{/repo}","subscriptions_url":"https://api.github.com/users/GJ-sanjay/subscriptions","organizations_url":"https://api.github.com/users/GJ-sanjay/orgs","repos_url":"https://api.github.com/users/GJ-sanjay/repos","events_url":"https://api.github.com/users/GJ-sanjay/events{/privacy}","received_events_url":"https://api.github.com/users/GJ-sanjay/received_events","type":"User","site_admin":false,"name":null,"company":null,"blog":"","location":null,"email":null,"hireable":null,"bio":null,"twitter_username":null,"public_repos":5,"public_gists":0,"followers":0,"following":0,"created_at":"2021-08-06T07:57:32Z","updated_at":"2021-08-24T07:30:39Z","private_gists":0,"total_private_repos":0,"owned_private_repos":0,"disk_usage":9096,"collaborators":0,"two_factor_authentication":false,"plan":{"name":"free","space":976562499,"collaborators":0,"private_repos":10000}}
[info] 
[info] +  Success! Logged into GitHub as GJ-sanjay 
[info] 
[debug] [2021-08-24T07:42:49.677Z] >>> [apiv2][query] GET https://api.github.com/repos//actions/secrets/public-key type=owner
[debug] [2021-08-24T07:42:50.201Z] <<< [apiv2][status] GET https://api.github.com/repos//actions/secrets/public-key 404
[debug] [2021-08-24T07:42:50.202Z] <<< [apiv2][body] GET https://api.github.com/repos//actions/secrets/public-key {"message":"Not Found","documentation_url":"https://docs.github.com/rest"}
[debug] [2021-08-24T07:43:20.284Z] >>> [apiv2][query] GET https://api.github.com/repos/GJ-sanjay/actions/secrets/public-key type=owner
[debug] [2021-08-24T07:43:20.286Z] >>> [apiv2][query] GET https://api.github.com/repos///actions/secrets/public-key type=owner
[debug] [2021-08-24T07:43:20.922Z] <<< [apiv2][status] GET https://api.github.com/repos///actions/secrets/public-key 404
[debug] [2021-08-24T07:43:20.922Z] <<< [apiv2][body] GET https://api.github.com/repos///actions/secrets/public-key {"message":"Not Found","documentation_url":"https://docs.github.com/rest"}
[debug] [2021-08-24T07:43:20.923Z] <<< [apiv2][status] GET https://api.github.com/repos/GJ-sanjay/actions/secrets/public-key 404
[debug] [2021-08-24T07:43:20.924Z] <<< [apiv2][body] GET https://api.github.com/repos/GJ-sanjay/actions/secrets/public-key {"message":"Not Found","documentation_url":"https://docs.github.com/rest"}
[debug] [2021-08-24T07:43:22.179Z] >>> [apiv2][query] GET https://api.github.com/repos/webrtc-firebase-demo/actions/secrets/public-key type=owner
[debug] [2021-08-24T07:43:22.638Z] <<< [apiv2][status] GET https://api.github.com/repos/webrtc-firebase-demo/actions/secrets/public-key 404
[debug] [2021-08-24T07:43:22.639Z] <<< [apiv2][body] GET https://api.github.com/repos/webrtc-firebase-demo/actions/secrets/public-key {"message":"Not Found","documentation_url":"https://docs.github.com/rest"}
[debug] [2021-08-24T07:43:28.428Z] >>> [apiv2][query] GET https://api.github.com/repos//actions/secrets/public-key type=owner
[debug] [2021-08-24T07:43:28.920Z] <<< [apiv2][status] GET https://api.github.com/repos//actions/secrets/public-key 404
[debug] [2021-08-24T07:43:28.920Z] <<< [apiv2][body] GET https://api.github.com/repos//actions/secrets/public-key {"message":"Not Found","documentation_url":"https://docs.github.com/rest"}
[debug] [2021-08-24T07:43:39.257Z] >>> [apiv2][query] GET https://api.github.com/repos/GJ-sanjay/actions/secrets/public-key type=owner
[debug] [2021-08-24T07:43:39.258Z] >>> [apiv2][query] GET https://api.github.com/repos///actions/secrets/public-key type=owner
[debug] [2021-08-24T07:43:39.801Z] <<< [apiv2][status] GET https://api.github.com/repos///actions/secrets/public-key 404
[debug] [2021-08-24T07:43:39.801Z] <<< [apiv2][body] GET https://api.github.com/repos///actions/secrets/public-key {"message":"Not Found","documentation_url":"https://docs.github.com/rest"}
[debug] [2021-08-24T07:43:39.804Z] <<< [apiv2][status] GET https://api.github.com/repos/GJ-sanjay/actions/secrets/public-key 404
[debug] [2021-08-24T07:43:39.804Z] <<< [apiv2][body] GET https://api.github.com/repos/GJ-sanjay/actions/secrets/public-key {"message":"Not Found","documentation_url":"https://docs.github.com/rest"}
[debug] [2021-08-24T07:43:40.043Z] >>> [apiv2][query] GET https://api.github.com/repos/webrtc-firebase-demo/actions/secrets/public-key type=owner
[debug] [2021-08-24T07:43:40.771Z] <<< [apiv2][status] GET https://api.github.com/repos/webrtc-firebase-demo/actions/secrets/public-key 404
[debug] [2021-08-24T07:43:40.772Z] <<< [apiv2][body] GET https://api.github.com/repos/webrtc-firebase-demo/actions/secrets/public-key {"message":"Not Found","documentation_url":"https://docs.github.com/rest"}
[debug] [2021-08-24T07:43:41.834Z] >>> [apiv2][query] GET https://api.github.com/repos/GJ-sanjay/actions/secrets/public-key type=owner
[debug] [2021-08-24T07:43:41.835Z] >>> [apiv2][query] GET https://api.github.com/repos///actions/secrets/public-key type=owner
[debug] [2021-08-24T07:43:42.361Z] <<< [apiv2][status] GET https://api.github.com/repos///actions/secrets/public-key 404
[debug] [2021-08-24T07:43:42.361Z] <<< [apiv2][body] GET https://api.github.com/repos///actions/secrets/public-key {"message":"Not Found","documentation_url":"https://docs.github.com/rest"}
[debug] [2021-08-24T07:43:42.362Z] <<< [apiv2][status] GET https://api.github.com/repos/GJ-sanjay/actions/secrets/public-key 404
[debug] [2021-08-24T07:43:42.362Z] <<< [apiv2][body] GET https://api.github.com/repos/GJ-sanjay/actions/secrets/public-key {"message":"Not Found","documentation_url":"https://docs.github.com/rest"}
[debug] [2021-08-24T07:44:27.264Z] >>> [apiv2][query] GET https://api.github.com/repos/webrtc-firebase-demoGJ-sanjay/actions/secrets/public-key type=owner
[debug] [2021-08-24T07:44:27.266Z] >>> [apiv2][query] GET https://api.github.com/repos///actions/secrets/public-key type=owner
[debug] [2021-08-24T07:44:27.762Z] <<< [apiv2][status] GET https://api.github.com/repos///actions/secrets/public-key 404
[debug] [2021-08-24T07:44:27.762Z] <<< [apiv2][body] GET https://api.github.com/repos///actions/secrets/public-key {"message":"Not Found","documentation_url":"https://docs.github.com/rest"}
[debug] [2021-08-24T07:44:27.865Z] <<< [apiv2][status] GET https://api.github.com/repos/webrtc-firebase-demoGJ-sanjay/actions/secrets/public-key 404
[debug] [2021-08-24T07:44:27.865Z] <<< [apiv2][body] GET https://api.github.com/repos/webrtc-firebase-demoGJ-sanjay/actions/secrets/public-key {"message":"Not Found","documentation_url":"https://docs.github.com/rest"}
[debug] [2021-08-24T07:44:27.916Z] >>> [apiv2][query] GET https://api.github.com/repos/video-chat.io/actions/secrets/public-key type=owner
[debug] [2021-08-24T07:44:28.445Z] <<< [apiv2][status] GET https://api.github.com/repos/video-chat.io/actions/secrets/public-key 404
[debug] [2021-08-24T07:44:28.446Z] <<< [apiv2][body] GET https://api.github.com/repos/video-chat.io/actions/secrets/public-key {"message":"Not Found","documentation_url":"https://docs.github.com/rest"}
[debug] [2021-08-24T07:44:52.404Z] >>> [apiv2][query] GET https://api.github.com/repos/GJ Sanjay/video-chat.io/actions/secrets/public-key type=owner
[debug] [2021-08-24T07:44:53.079Z] <<< [apiv2][status] GET https://api.github.com/repos/GJ Sanjay/video-chat.io/actions/secrets/public-key 404
[debug] [2021-08-24T07:44:53.079Z] <<< [apiv2][body] GET https://api.github.com/repos/GJ Sanjay/video-chat.io/actions/secrets/public-key {"message":"Not Found","documentation_url":"https://docs.github.com/rest/reference/actions#get-a-repository-public-key"}
